2022-07-04 11:32:09 DEBUG InternalLoggerFactory:89 - Using Log4J as the default logging framework
2022-07-04 11:32:09 DEBUG ResourceLeakDetector:129 - -Dio.netty.leakDetection.level: simple
2022-07-04 11:32:09 DEBUG ResourceLeakDetector:130 - -Dio.netty.leakDetection.targetRecords: 4
2022-07-04 11:32:09 DEBUG ResourceLeakDetectorFactory:196 - Loaded default ResourceLeakDetector: io.netty.util.ResourceLeakDetector@5911e990
2022-07-04 11:32:09 DEBUG PlatformDependent0:495 - -Dio.netty.noUnsafe: false
2022-07-04 11:32:09 DEBUG PlatformDependent0:998 - Java version: 17
2022-07-04 11:32:09 DEBUG PlatformDependent0:136 - sun.misc.Unsafe.theUnsafe: available
2022-07-04 11:32:09 DEBUG PlatformDependent0:160 - sun.misc.Unsafe.copyMemory: available
2022-07-04 11:32:09 DEBUG PlatformDependent0:192 - sun.misc.Unsafe.storeFence: available
2022-07-04 11:32:09 DEBUG PlatformDependent0:235 - java.nio.Buffer.address: available
2022-07-04 11:32:09 DEBUG PlatformDependent0:319 - direct buffer constructor: unavailable: Reflective setAccessible(true) disabled
2022-07-04 11:32:09 DEBUG PlatformDependent0:384 - java.nio.Bits.unaligned: available, true
2022-07-04 11:32:09 DEBUG PlatformDependent0:451 - jdk.internal.misc.Unsafe.allocateUninitializedArray(int): unavailable: class io.netty.util.internal.PlatformDependent0$7 cannot access class jdk.internal.misc.Unsafe (in module java.base) because module java.base does not export jdk.internal.misc to unnamed module @a67c67e
2022-07-04 11:32:09 DEBUG PlatformDependent0:481 - java.nio.DirectByteBuffer.<init>(long, int): unavailable
2022-07-04 11:32:09 DEBUG PlatformDependent:1120 - sun.misc.Unsafe: available
2022-07-04 11:32:09 DEBUG PlatformDependent:1231 - maxDirectMemory: 4221566976 bytes (maybe)
2022-07-04 11:32:09 DEBUG PlatformDependent:1250 - -Dio.netty.tmpdir: C:\Users\patel\AppData\Local\Temp (java.io.tmpdir)
2022-07-04 11:32:09 DEBUG PlatformDependent:1329 - -Dio.netty.bitMode: 64 (sun.arch.data.model)
2022-07-04 11:32:09 DEBUG PlatformDependent:1080 - Platform: Windows
2022-07-04 11:32:09 DEBUG PlatformDependent:178 - -Dio.netty.maxDirectMemory: -1 bytes
2022-07-04 11:32:09 DEBUG PlatformDependent:185 - -Dio.netty.uninitializedArrayAllocationThreshold: -1
2022-07-04 11:32:09 DEBUG CleanerJava9:71 - java.nio.ByteBuffer.cleaner(): available
2022-07-04 11:32:09 DEBUG PlatformDependent:205 - -Dio.netty.noPreferDirect: false
2022-07-04 11:32:09 DEBUG PlatformDependent:971 - org.jctools-core.MpscChunkedArrayQueue: available
2022-07-04 11:32:09 DEBUG InternalThreadLocalMap:86 - -Dio.netty.threadLocalMap.stringBuilder.initialSize: 1024
2022-07-04 11:32:09 DEBUG InternalThreadLocalMap:89 - -Dio.netty.threadLocalMap.stringBuilder.maxSize: 4096
2022-07-04 11:32:10 DEBUG JdkSslContext:97 - Default protocols (JDK): [TLSv1.3, TLSv1.2] 
2022-07-04 11:32:10 DEBUG JdkSslContext:98 - Default cipher suites (JDK): [TLS_ECDHE_ECDSA_WITH_AES_256_GCM_SHA384, TLS_ECDHE_ECDSA_WITH_AES_128_GCM_SHA256, TLS_ECDHE_RSA_WITH_AES_128_GCM_SHA256, TLS_ECDHE_RSA_WITH_AES_256_GCM_SHA384, TLS_ECDHE_RSA_WITH_AES_128_CBC_SHA, TLS_ECDHE_RSA_WITH_AES_256_CBC_SHA, TLS_RSA_WITH_AES_128_GCM_SHA256, TLS_RSA_WITH_AES_128_CBC_SHA, TLS_RSA_WITH_AES_256_CBC_SHA, TLS_AES_128_GCM_SHA256, TLS_AES_256_GCM_SHA384]
2022-07-04 11:32:10 DEBUG MultithreadEventLoopGroup:44 - -Dio.netty.eventLoopThreads: 16
2022-07-04 11:32:10 DEBUG NioEventLoop:109 - -Dio.netty.noKeySetOptimization: false
2022-07-04 11:32:10 DEBUG NioEventLoop:110 - -Dio.netty.selectorAutoRebuildThreshold: 512
2022-07-04 11:32:10 DEBUG PooledByteBufAllocator:157 - -Dio.netty.allocator.numHeapArenas: 16
2022-07-04 11:32:10 DEBUG PooledByteBufAllocator:158 - -Dio.netty.allocator.numDirectArenas: 16
2022-07-04 11:32:10 DEBUG PooledByteBufAllocator:160 - -Dio.netty.allocator.pageSize: 8192
2022-07-04 11:32:10 DEBUG PooledByteBufAllocator:165 - -Dio.netty.allocator.maxOrder: 9
2022-07-04 11:32:10 DEBUG PooledByteBufAllocator:169 - -Dio.netty.allocator.chunkSize: 4194304
2022-07-04 11:32:10 DEBUG PooledByteBufAllocator:170 - -Dio.netty.allocator.smallCacheSize: 256
2022-07-04 11:32:10 DEBUG PooledByteBufAllocator:171 - -Dio.netty.allocator.normalCacheSize: 64
2022-07-04 11:32:10 DEBUG PooledByteBufAllocator:172 - -Dio.netty.allocator.maxCachedBufferCapacity: 32768
2022-07-04 11:32:10 DEBUG PooledByteBufAllocator:173 - -Dio.netty.allocator.cacheTrimInterval: 8192
2022-07-04 11:32:10 DEBUG PooledByteBufAllocator:174 - -Dio.netty.allocator.cacheTrimIntervalMillis: 0
2022-07-04 11:32:10 DEBUG PooledByteBufAllocator:175 - -Dio.netty.allocator.useCacheForAllThreads: false
2022-07-04 11:32:10 DEBUG PooledByteBufAllocator:176 - -Dio.netty.allocator.maxCachedByteBuffersPerChunk: 1023
2022-07-04 11:32:10 DEBUG ByteBufUtil:87 - -Dio.netty.allocator.type: pooled
2022-07-04 11:32:10 DEBUG ByteBufUtil:96 - -Dio.netty.threadLocalDirectBufferSize: 0
2022-07-04 11:32:10 DEBUG ByteBufUtil:99 - -Dio.netty.maxThreadLocalCharBufferSize: 16384
2022-07-04 11:32:11 DEBUG DefaultChannelId:79 - -Dio.netty.processId: 28360 (auto-detected)
2022-07-04 11:32:11 DEBUG NetUtil:136 - -Djava.net.preferIPv4Stack: false
2022-07-04 11:32:11 DEBUG NetUtil:137 - -Djava.net.preferIPv6Addresses: false
2022-07-04 11:32:11 DEBUG NetUtilInitializations:129 - Loopback interface: lo (Software Loopback Interface 1, 127.0.0.1)
2022-07-04 11:32:11 DEBUG NetUtil:191 - Failed to get SOMAXCONN from sysctl and file \proc\sys\net\core\somaxconn. Default: 200
2022-07-04 11:32:11 DEBUG DefaultChannelId:101 - -Dio.netty.machineId: cc:f9:e4:ff:fe:54:81:93 (auto-detected)
2022-07-04 11:32:11 DEBUG AbstractByteBuf:63 - -Dio.netty.buffer.checkAccessible: true
2022-07-04 11:32:11 DEBUG AbstractByteBuf:64 - -Dio.netty.buffer.checkBounds: true
2022-07-04 11:32:11 DEBUG ResourceLeakDetectorFactory:196 - Loaded default ResourceLeakDetector: io.netty.util.ResourceLeakDetector@6533e566
2022-07-04 11:32:12 DEBUG Recycler:85 - -Dio.netty.recycler.maxCapacityPerThread: 4096
2022-07-04 11:32:12 DEBUG Recycler:86 - -Dio.netty.recycler.ratio: 8
2022-07-04 11:32:12 DEBUG Recycler:87 - -Dio.netty.recycler.chunkSize: 32
2022-07-04 11:32:12 DEBUG Recycler:88 - -Dio.netty.recycler.blocking: false
2022-07-04 11:32:13 DEBUG Brotli:38 - brotli4j not in the classpath; Brotli support will be unavailable.
2022-07-04 11:32:13 DEBUG ThreadLocalRandom:214 - -Dio.netty.initialSeedUniquifier: 0xdd1d1321774b8d65
